<?xml version="1.0" encoding="UTF-8"?>
<testsuite xmlns:xsi="http://www.w3.org/2001/XMLSchema-instance" xsi:noNamespaceSchemaLocation="https://maven.apache.org/surefire/maven-surefire-plugin/xsd/surefire-test-report.xsd" name="com.mycompany.app.CalculatorTest" time="0.034" tests="2" errors="0" skipped="0" failures="0">
  <properties>
    <property name="java.specification.version" value="17"/>
    <property name="sun.jnu.encoding" value="UTF-8"/>
    <property name="java.class.path" value="/home/sponk2/java_test_maven/my-app/target/test-classes:/home/sponk2/java_test_maven/my-app/target/classes:/home/sponk2/.m2/repository/junit/junit/4.11/junit-4.11.jar:/home/sponk2/.m2/repository/org/hamcrest/hamcrest-core/1.3/hamcrest-core-1.3.jar:/home/sponk2/.m2/repository/com/github/ricksbrown/cowsay/1.1.0/cowsay-1.1.0.jar:/home/sponk2/.m2/repository/org/apache/commons/commons-lang3/3.3.2/commons-lang3-3.3.2.jar:/home/sponk2/.m2/repository/commons-cli/commons-cli/1.4/commons-cli-1.4.jar:/home/sponk2/.m2/repository/org/apache/maven/maven-plugin-api/3.6.1/maven-plugin-api-3.6.1.jar:/home/sponk2/.m2/repository/org/apache/maven/maven-model/3.6.1/maven-model-3.6.1.jar:/home/sponk2/.m2/repository/org/apache/maven/maven-artifact/3.6.1/maven-artifact-3.6.1.jar:/home/sponk2/.m2/repository/org/eclipse/sisu/org.eclipse.sisu.plexus/0.3.3/org.eclipse.sisu.plexus-0.3.3.jar:/home/sponk2/.m2/repository/javax/enterprise/cdi-api/1.0/cdi-api-1.0.jar:/home/sponk2/.m2/repository/javax/annotation/jsr250-api/1.0/jsr250-api-1.0.jar:/home/sponk2/.m2/repository/javax/inject/javax.inject/1/javax.inject-1.jar:/home/sponk2/.m2/repository/org/eclipse/sisu/org.eclipse.sisu.inject/0.3.3/org.eclipse.sisu.inject-0.3.3.jar:/home/sponk2/.m2/repository/org/codehaus/plexus/plexus-component-annotations/1.5.5/plexus-component-annotations-1.5.5.jar:/home/sponk2/.m2/repository/org/codehaus/plexus/plexus-utils/3.2.0/plexus-utils-3.2.0.jar:/home/sponk2/.m2/repository/org/codehaus/plexus/plexus-classworlds/2.6.0/plexus-classworlds-2.6.0.jar:/home/sponk2/.m2/repository/com/github/ricksbrown/cowjar/1.1.0/cowjar-1.1.0.jar:"/>
    <property name="java.vm.vendor" value="Oracle Corporation"/>
    <property name="sun.arch.data.model" value="64"/>
    <property name="java.vendor.url" value="https://java.oracle.com/"/>
    <property name="os.name" value="Linux"/>
    <property name="java.vm.specification.version" value="17"/>
    <property name="sun.java.launcher" value="SUN_STANDARD"/>
    <property name="user.country" value="US"/>
    <property name="sun.boot.library.path" value="/opt/jdk-17.0.10/lib"/>
    <property name="sun.java.command" value="/home/sponk2/java_test_maven/my-app/target/surefire/surefirebooter3737838345433527806.jar /home/sponk2/java_test_maven/my-app/target/surefire 2024-02-02T11-12-52_403-jvmRun1 surefire11568368315768654963tmp surefire_013152398098633069900tmp"/>
    <property name="jdk.debug" value="release"/>
    <property name="surefire.test.class.path" value="/home/sponk2/java_test_maven/my-app/target/test-classes:/home/sponk2/java_test_maven/my-app/target/classes:/home/sponk2/.m2/repository/junit/junit/4.11/junit-4.11.jar:/home/sponk2/.m2/repository/org/hamcrest/hamcrest-core/1.3/hamcrest-core-1.3.jar:/home/sponk2/.m2/repository/com/github/ricksbrown/cowsay/1.1.0/cowsay-1.1.0.jar:/home/sponk2/.m2/repository/org/apache/commons/commons-lang3/3.3.2/commons-lang3-3.3.2.jar:/home/sponk2/.m2/repository/commons-cli/commons-cli/1.4/commons-cli-1.4.jar:/home/sponk2/.m2/repository/org/apache/maven/maven-plugin-api/3.6.1/maven-plugin-api-3.6.1.jar:/home/sponk2/.m2/repository/org/apache/maven/maven-model/3.6.1/maven-model-3.6.1.jar:/home/sponk2/.m2/repository/org/apache/maven/maven-artifact/3.6.1/maven-artifact-3.6.1.jar:/home/sponk2/.m2/repository/org/eclipse/sisu/org.eclipse.sisu.plexus/0.3.3/org.eclipse.sisu.plexus-0.3.3.jar:/home/sponk2/.m2/repository/javax/enterprise/cdi-api/1.0/cdi-api-1.0.jar:/home/sponk2/.m2/repository/javax/annotation/jsr250-api/1.0/jsr250-api-1.0.jar:/home/sponk2/.m2/repository/javax/inject/javax.inject/1/javax.inject-1.jar:/home/sponk2/.m2/repository/org/eclipse/sisu/org.eclipse.sisu.inject/0.3.3/org.eclipse.sisu.inject-0.3.3.jar:/home/sponk2/.m2/repository/org/codehaus/plexus/plexus-component-annotations/1.5.5/plexus-component-annotations-1.5.5.jar:/home/sponk2/.m2/repository/org/codehaus/plexus/plexus-utils/3.2.0/plexus-utils-3.2.0.jar:/home/sponk2/.m2/repository/org/codehaus/plexus/plexus-classworlds/2.6.0/plexus-classworlds-2.6.0.jar:/home/sponk2/.m2/repository/com/github/ricksbrown/cowjar/1.1.0/cowjar-1.1.0.jar:"/>
    <property name="sun.cpu.endian" value="little"/>
    <property name="user.home" value="/home/sponk2"/>
    <property name="user.language" value="en"/>
    <property name="java.specification.vendor" value="Oracle Corporation"/>
    <property name="java.version.date" value="2024-01-16"/>
    <property name="java.home" value="/opt/jdk-17.0.10"/>
    <property name="file.separator" value="/"/>
    <property name="basedir" value="/home/sponk2/java_test_maven/my-app"/>
    <property name="java.vm.compressedOopsMode" value="32-bit"/>
    <property name="line.separator" value="&#10;"/>
    <property name="java.vm.specification.vendor" value="Oracle Corporation"/>
    <property name="java.specification.name" value="Java Platform API Specification"/>
    <property name="surefire.real.class.path" value="/home/sponk2/java_test_maven/my-app/target/surefire/surefirebooter3737838345433527806.jar"/>
    <property name="sun.management.compiler" value="HotSpot 64-Bit Tiered Compilers"/>
    <property name="java.runtime.version" value="17.0.10+11-LTS-240"/>
    <property name="user.name" value="sponk2"/>
    <property name="path.separator" value=":"/>
    <property name="os.version" value="6.6.8-arch1-1"/>
    <property name="java.runtime.name" value="Java(TM) SE Runtime Environment"/>
    <property name="file.encoding" value="UTF-8"/>
    <property name="java.vm.name" value="Java HotSpot(TM) 64-Bit Server VM"/>
    <property name="localRepository" value="/home/sponk2/.m2/repository"/>
    <property name="java.vendor.url.bug" value="https://bugreport.java.com/bugreport/"/>
    <property name="java.io.tmpdir" value="/tmp"/>
    <property name="java.version" value="17.0.10"/>
    <property name="user.dir" value="/home/sponk2/java_test_maven/my-app"/>
    <property name="os.arch" value="amd64"/>
    <property name="java.vm.specification.name" value="Java Virtual Machine Specification"/>
    <property name="native.encoding" value="UTF-8"/>
    <property name="java.library.path" value="/usr/java/packages/lib:/usr/lib64:/lib64:/lib:/usr/lib"/>
    <property name="java.vm.info" value="mixed mode, sharing"/>
    <property name="java.vendor" value="Oracle Corporation"/>
    <property name="java.vm.version" value="17.0.10+11-LTS-240"/>
    <property name="sun.io.unicode.encoding" value="UnicodeLittle"/>
    <property name="java.class.version" value="61.0"/>
  </properties>
  <testcase name="ShouldAdd" classname="com.mycompany.app.CalculatorTest" time="0.002"/>
  <testcase name="ShouldMinus" classname="com.mycompany.app.CalculatorTest" time="0"/>
</testsuite>